<?xml version="1.0" encoding="UTF-8"?>
<!-- Generated by org.testng.reporters.JUnitReportReporter -->
<testsuite hostname="om-PC" failures="0" tests="1" name="com.testng.futures.Parameterized_Test" time="0.012" errors="0" timestamp="2022-03-31T15:41:14 IST" skipped="0">
  <testcase classname="com.testng.futures.Parameterized_Test" name="collage" time="0.012"/>
  <system-out/>
</testsuite> <!-- com.testng.futures.Parameterized_Test -->
