<?xml version="1.0" encoding="UTF-8"?>
<!-- Generated by org.testng.reporters.JUnitReportReporter -->
<testsuite hostname="om-PC" failures="0" tests="4" name="com.testng.futures.I_Annotation_Methods" time="52.334" errors="0" timestamp="2022-04-01T12:13:01 IST" skipped="2">
  <testcase classname="com.testng.futures.I_Annotation_Methods" name="fb_username" time="15.941"/>
  <system-out/>
  <testcase classname="com.testng.futures.I_Annotation_Methods" name="fb_password" time="4.988"/>
  <system-out/>
  <testcase classname="com.testng.futures.I_Annotation_Methods" name="fb_password" time="15.968">
    <skipped/>
  </testcase> <!-- fb_password -->
  <system-out/>
  <testcase classname="com.testng.futures.I_Annotation_Methods" name="fb_password" time="15.437">
    <skipped/>
  </testcase> <!-- fb_password -->
  <system-out/>
</testsuite> <!-- com.testng.futures.I_Annotation_Methods -->
