<?xml version="1.0" encoding="UTF-8"?>
<!-- Generated by org.testng.reporters.JUnitReportReporter -->
<testsuite hostname="om-PC" failures="0" tests="2" name="com.testng.futures.Assert_Methods" time="0.045" errors="0" timestamp="2022-03-31T12:48:31 IST" skipped="0">
  <testcase classname="com.testng.futures.Assert_Methods" name="facebook" time="0.043"/>
  <system-out/>
  <testcase classname="com.testng.futures.Assert_Methods" name="instagram" time="0.002"/>
  <system-out/>
</testsuite> <!-- com.testng.futures.Assert_Methods -->
