<?xml version="1.0" encoding="UTF-8"?>
<!-- Generated by org.testng.reporters.JUnitReportReporter -->
<testsuite hostname="om-PC" failures="0" tests="3" name="com.testng.example.Dependenct_Test" time="0.019" errors="0" timestamp="2022-03-30T12:04:33 IST" skipped="0">
  <testcase classname="com.testng.example.Dependenct_Test" name="mobile" time="0.013"/>
  <system-out/>
  <testcase classname="com.testng.example.Dependenct_Test" name="payment" time="0.005"/>
  <system-out/>
  <testcase classname="com.testng.example.Dependenct_Test" name="delivery" time="0.001"/>
  <system-out/>
</testsuite> <!-- com.testng.example.Dependenct_Test -->
