<?xml version="1.0" encoding="UTF-8"?>
<!-- Generated by org.testng.reporters.JUnitReportReporter -->
<testsuite hostname="om-PC" failures="0" tests="2" name="com.testng.example.example" time="0.012" errors="0" timestamp="2022-03-28T19:56:04 IST" skipped="0">
  <testcase classname="com.testng.example.example" name="Shirt" time="0.009"/>
  <system-out/>
  <testcase classname="com.testng.example.example" name="T_Shirt" time="0.003"/>
  <system-out/>
</testsuite> <!-- com.testng.example.example -->
