<?xml version="1.0" encoding="UTF-8"?>
<!-- Generated by org.testng.reporters.JUnitReportReporter -->
<testsuite hostname="om-PC" failures="0" tests="3" name="com.testng.example.Ignore_Methods" time="0.013" errors="0" timestamp="2022-03-29T12:23:25 IST" skipped="0">
  <testcase classname="com.testng.example.Ignore_Methods" name="tamil" time="0.009"/>
  <system-out/>
  <testcase classname="com.testng.example.Ignore_Methods" name="english" time="0.002"/>
  <system-out/>
  <testcase classname="com.testng.example.Ignore_Methods" name="Science" time="0.002"/>
  <system-out/>
</testsuite> <!-- com.testng.example.Ignore_Methods -->
