<?xml version="1.0" encoding="UTF-8"?>
<!-- Generated by org.testng.reporters.JUnitReportReporter -->
<testsuite hostname="om-PC" failures="0" tests="3" name="com.testng.example.Dataprovider_Test" time="0.014" errors="0" timestamp="2022-03-30T12:40:30 IST" skipped="0">
  <testcase classname="com.testng.example.Dataprovider_Test" name="school" time="0.002"/>
  <system-out/>
  <testcase classname="com.testng.example.Dataprovider_Test" name="school" time="0.002"/>
  <system-out/>
  <testcase classname="com.testng.example.Dataprovider_Test" name="school" time="0.010"/>
  <system-out/>
</testsuite> <!-- com.testng.example.Dataprovider_Test -->
