<?xml version="1.0" encoding="UTF-8"?>
<!-- Generated by org.testng.reporters.JUnitReportReporter -->
<testsuite hostname="om-PC" failures="0" tests="3" name="com.testng.example.Priority_Methods" time="0.016" errors="0" timestamp="2022-03-29T12:11:49 IST" skipped="0">
  <testcase classname="com.testng.example.Priority_Methods" name="sslc" time="0.012"/>
  <system-out/>
  <testcase classname="com.testng.example.Priority_Methods" name="Hssc" time="0.002"/>
  <system-out/>
  <testcase classname="com.testng.example.Priority_Methods" name="collage" time="0.002"/>
  <system-out/>
</testsuite> <!-- com.testng.example.Priority_Methods -->
