<?xml version="1.0" encoding="UTF-8"?>
<!-- Generated by org.testng.reporters.JUnitReportReporter -->
<testsuite hostname="om-PC" failures="0" tests="5" name="com.testng.example.Invocation_Methods" time="0.026" errors="0" timestamp="2022-03-29T12:56:07 IST" skipped="0">
  <testcase classname="com.testng.example.Invocation_Methods" name="tamil" time="0.003"/>
  <system-out/>
  <testcase classname="com.testng.example.Invocation_Methods" name="english" time="0.004"/>
  <system-out/>
  <testcase classname="com.testng.example.Invocation_Methods" name="english" time="0.003"/>
  <system-out/>
  <testcase classname="com.testng.example.Invocation_Methods" name="Maths" time="0.013"/>
  <system-out/>
  <testcase classname="com.testng.example.Invocation_Methods" name="english" time="0.003"/>
  <system-out/>
</testsuite> <!-- com.testng.example.Invocation_Methods -->
