<?xml version="1.0" encoding="UTF-8"?>
<!-- Generated by org.testng.reporters.JUnitReportReporter -->
<testsuite hostname="om-PC" failures="0" tests="2" name="com.testng.futures.Parallel_Method" time="0.028" errors="0" timestamp="2022-03-31T13:06:13 IST" skipped="0">
  <testcase classname="com.testng.futures.Parallel_Method" name="instagram" time="0.014"/>
  <system-out/>
  <testcase classname="com.testng.futures.Parallel_Method" name="facebook" time="0.014"/>
  <system-out/>
</testsuite> <!-- com.testng.futures.Parallel_Method -->
