<?xml version="1.0" encoding="UTF-8"?>
<!-- Generated by org.testng.reporters.JUnitReportReporter -->
<testsuite hostname="om-PC" failures="0" tests="3" name="com.testng.program.Automation_Testng" time="107.743" errors="0" timestamp="2022-04-01T12:45:26 IST" skipped="0">
  <testcase classname="com.testng.program.Automation_Testng" name="tshirt" time="23.927"/>
  <system-out/>
  <testcase classname="com.testng.program.Automation_Testng" name="women" time="21.897"/>
  <system-out/>
  <testcase classname="com.testng.program.Automation_Testng" name="dresses" time="61.919"/>
  <system-out/>
</testsuite> <!-- com.testng.program.Automation_Testng -->
