<?xml version="1.0" encoding="UTF-8"?>
<!-- Generated by org.testng.reporters.JUnitReportReporter -->
<testsuite hostname="om-PC" failures="0" tests="4" name="com.testng.example.Grouping_Methods" time="0.016" errors="0" timestamp="2022-03-29T13:12:30 IST" skipped="0">
  <testcase classname="com.testng.example.Grouping_Methods" name="singam" time="0.001"/>
  <system-out/>
  <testcase classname="com.testng.example.Grouping_Methods" name="vivegam" time="0.002"/>
  <system-out/>
  <testcase classname="com.testng.example.Grouping_Methods" name="billa" time="0.001"/>
  <system-out/>
  <testcase classname="com.testng.example.Grouping_Methods" name="ayan" time="0.012"/>
  <system-out/>
</testsuite> <!-- com.testng.example.Grouping_Methods -->
