<?xml version="1.0" encoding="UTF-8"?>
<!-- Generated by org.testng.reporters.JUnitReportReporter -->
<testsuite hostname="om-PC" failures="0" tests="3" name="com.testng.futures.Example" time="0.016" errors="0" timestamp="2022-03-31T15:15:20 IST" skipped="0">
  <testcase classname="com.testng.futures.Example" name="mobile" time="0.002"/>
  <system-out/>
  <testcase classname="com.testng.futures.Example" name="office" time="0.012"/>
  <system-out/>
  <testcase classname="com.testng.futures.Example" name="watch" time="0.002"/>
  <system-out/>
</testsuite> <!-- com.testng.futures.Example -->
