<?xml version="1.0" encoding="UTF-8"?>
<!-- Generated by org.testng.reporters.JUnitReportReporter -->
<testsuite hostname="om-PC" failures="0" tests="1" name="com.testng.example.Timeout_Methods" time="4.021" errors="0" timestamp="2022-03-30T11:58:07 IST" skipped="0">
  <testcase classname="com.testng.example.Timeout_Methods" name="mobile" time="4.021"/>
  <system-out/>
</testsuite> <!-- com.testng.example.Timeout_Methods -->
