<?xml version="1.0" encoding="UTF-8"?>
<!-- Generated by org.testng.reporters.JUnitReportReporter -->
<testsuite hostname="om-PC" failures="0" tests="2" name="com.testng.futures.Hard_Assert_Methods" time="16.131" errors="0" timestamp="2022-03-31T13:38:27 IST" skipped="0">
  <testcase classname="com.testng.futures.Hard_Assert_Methods" name="instagram" time="10.264"/>
  <system-out/>
  <testcase classname="com.testng.futures.Hard_Assert_Methods" name="facebook" time="5.867"/>
  <system-out/>
</testsuite> <!-- com.testng.futures.Hard_Assert_Methods -->
