<?xml version="1.0" encoding="UTF-8"?>
<!-- Generated by org.testng.reporters.JUnitReportReporter -->
<testsuite hostname="om-PC" failures="0" tests="1" name="com.testng.example.Expected_Exception_Methods" time="0.011" errors="0" timestamp="2022-03-29T13:05:25 IST" skipped="0">
  <testcase classname="com.testng.example.Expected_Exception_Methods" name="student" time="0.011"/>
  <system-out/>
</testsuite> <!-- com.testng.example.Expected_Exception_Methods -->
